<?xml version="1.0" encoding="UTF-8"?>
<!-- Generated by org.testng.reporters.JUnitXMLReporter -->
<testsuite hostname="DESKTOP-HGGBPMG" ignored="0" name="SampAppTest" tests="4" failures="0" timestamp="21 Aug 2018 17:31:04 GMT" time="3.916" errors="0">
  <testcase name="loginapp" time="0.24" classname="FrameworkApp.Sample.LoginScript"/>
  <testcase name="loginapp" time="0.227" classname="FrameworkApp.Sample.LoginScript"/>
  <testcase name="loginapp" time="0.266" classname="FrameworkApp.Sample.LoginScript"/>
  <testcase name="loginapp" time="0.275" classname="FrameworkApp.Sample.LoginScript"/>
</testsuite> <!-- SampAppTest -->
