<?xml version="1.0" encoding="UTF-8"?>
<!-- Generated by org.testng.reporters.JUnitXMLReporter -->
<testsuite hostname="DESKTOP-HGGBPMG" ignored="0" name="SampAppTest" tests="4" failures="0" timestamp="21 Aug 2018 17:43:55 GMT" time="4.182" errors="0">
  <testcase name="loginapp" time="0.25" classname="FrameworkApp.Sample.LoginScript"/>
  <testcase name="loginapp" time="0.248" classname="FrameworkApp.Sample.LoginScript"/>
  <testcase name="loginapp" time="0.305" classname="FrameworkApp.Sample.LoginScript"/>
  <testcase name="loginapp" time="0.3" classname="FrameworkApp.Sample.LoginScript"/>
</testsuite> <!-- SampAppTest -->
