<?xml version="1.0" encoding="UTF-8"?>
<!-- Generated by org.testng.reporters.JUnitXMLReporter -->
<testsuite hostname="DESKTOP-HGGBPMG" ignored="0" name="SampAppTest" tests="4" failures="0" timestamp="15 Sep 2018 03:27:07 GMT" time="6.616" errors="0">
  <testcase name="loginapp" time="1.106" classname="FrameworkApp.Sample.LoginScript"/>
  <testcase name="loginapp" time="0.679" classname="FrameworkApp.Sample.LoginScript"/>
  <testcase name="loginapp" time="0.752" classname="FrameworkApp.Sample.LoginScript"/>
  <testcase name="loginapp" time="1.528" classname="FrameworkApp.Sample.LoginScript"/>
</testsuite> <!-- SampAppTest -->
