<?xml version="1.0" encoding="UTF-8"?>
<!-- Generated by org.testng.reporters.JUnitXMLReporter -->
<testsuite hostname="DESKTOP-HGGBPMG" ignored="0" name="SampAppTest" tests="4" failures="0" timestamp="23 Aug 2018 01:43:32 GMT" time="5.904" errors="0">
  <testcase name="loginapp" time="1.024" classname="FrameworkApp.Sample.LoginScript"/>
  <testcase name="loginapp" time="0.657" classname="FrameworkApp.Sample.LoginScript"/>
  <testcase name="loginapp" time="0.683" classname="FrameworkApp.Sample.LoginScript"/>
  <testcase name="loginapp" time="1.133" classname="FrameworkApp.Sample.LoginScript"/>
</testsuite> <!-- SampAppTest -->
