<?xml version="1.0" encoding="UTF-8"?>
<testng-results skipped="0" failed="0" ignored="0" total="4" passed="4">
  <reporter-output>
    <line>
      <![CDATA[Browser is Launched]]>
    </line>
    <line>
      <![CDATA[Test is started:SampAppTest]]>
    </line>
    <line>
      <![CDATA[ITestResult Test started]]>
    </line>
    <line>
      <![CDATA[<a href='C:\Users\user\git\SampleFramework2\src\test\java\Test_sucess\loginapp_21_08_2018_11_01_01.png'> <img src='C:\Users\user\git\SampleFramework2\src\test\java\Test_sucess\loginapp_21_08_2018_11_01_01.png' height='100' width='100'/> </a>]]>
    </line>
    <line>
      <![CDATA[ITestResult Test started]]>
    </line>
    <line>
      <![CDATA[<a href='C:\Users\user\git\SampleFramework2\src\test\java\Test_sucess\loginapp_21_08_2018_11_01_02.png'> <img src='C:\Users\user\git\SampleFramework2\src\test\java\Test_sucess\loginapp_21_08_2018_11_01_02.png' height='100' width='100'/> </a>]]>
    </line>
    <line>
      <![CDATA[ITestResult Test started]]>
    </line>
    <line>
      <![CDATA[<a href='C:\Users\user\git\SampleFramework2\src\test\java\Test_sucess\loginapp_21_08_2018_11_01_02.png'> <img src='C:\Users\user\git\SampleFramework2\src\test\java\Test_sucess\loginapp_21_08_2018_11_01_02.png' height='100' width='100'/> </a>]]>
    </line>
    <line>
      <![CDATA[ITestResult Test started]]>
    </line>
    <line>
      <![CDATA[<a href='C:\Users\user\git\SampleFramework2\src\test\java\Test_sucess\loginapp_21_08_2018_11_01_03.png'> <img src='C:\Users\user\git\SampleFramework2\src\test\java\Test_sucess\loginapp_21_08_2018_11_01_03.png' height='100' width='100'/> </a>]]>
    </line>
  </reporter-output>
  <suite name="SampleSuite" duration-ms="3916" started-at="2018-08-21T17:31:00Z" finished-at="2018-08-21T17:31:04Z">
    <groups>
    </groups>
    <test name="SampAppTest" duration-ms="3916" started-at="2018-08-21T17:31:00Z" finished-at="2018-08-21T17:31:04Z">
      <class name="FrameworkApp.Sample.LoginScript">
        <test-method status="PASS" signature="loginapp(java.lang.String, java.lang.String)[pri:0, instance:FrameworkApp.Sample.LoginScript@2d6eabae]" name="loginapp" duration-ms="240" started-at="2018-08-21T17:31:01Z" data-provider="login" finished-at="2018-08-21T17:31:01Z">
          <params>
            <param index="0">
              <value>
                <![CDATA[OPPO]]>
              </value>
            </param>
            <param index="1">
              <value>
                <![CDATA[]]>
              </value>
            </param>
          </params>
          <reporter-output>
            <line>
              <![CDATA[ITestResult Test started]]>
            </line>
            <line>
              <![CDATA[<a href='C:\Users\user\git\SampleFramework2\src\test\java\Test_sucess\loginapp_21_08_2018_11_01_01.png'> <img src='C:\Users\user\git\SampleFramework2\src\test\java\Test_sucess\loginapp_21_08_2018_11_01_01.png' height='100' width='100'/> </a>]]>
            </line>
          </reporter-output>
        </test-method> <!-- loginapp -->
        <test-method status="PASS" signature="loginapp(java.lang.String, java.lang.String)[pri:0, instance:FrameworkApp.Sample.LoginScript@2d6eabae]" name="loginapp" duration-ms="227" started-at="2018-08-21T17:31:02Z" data-provider="login" finished-at="2018-08-21T17:31:02Z">
          <params>
            <param index="0">
              <value>
                <![CDATA[]]>
              </value>
            </param>
            <param index="1">
              <value>
                <![CDATA[55212]]>
              </value>
            </param>
          </params>
          <reporter-output>
            <line>
              <![CDATA[ITestResult Test started]]>
            </line>
            <line>
              <![CDATA[<a href='C:\Users\user\git\SampleFramework2\src\test\java\Test_sucess\loginapp_21_08_2018_11_01_02.png'> <img src='C:\Users\user\git\SampleFramework2\src\test\java\Test_sucess\loginapp_21_08_2018_11_01_02.png' height='100' width='100'/> </a>]]>
            </line>
          </reporter-output>
        </test-method> <!-- loginapp -->
        <test-method status="PASS" signature="loginapp(java.lang.String, java.lang.String)[pri:0, instance:FrameworkApp.Sample.LoginScript@2d6eabae]" name="loginapp" duration-ms="266" started-at="2018-08-21T17:31:02Z" data-provider="login" finished-at="2018-08-21T17:31:02Z">
          <params>
            <param index="0">
              <value>
                <![CDATA[54545]]>
              </value>
            </param>
            <param index="1">
              <value>
                <![CDATA[daads]]>
              </value>
            </param>
          </params>
          <reporter-output>
            <line>
              <![CDATA[ITestResult Test started]]>
            </line>
            <line>
              <![CDATA[<a href='C:\Users\user\git\SampleFramework2\src\test\java\Test_sucess\loginapp_21_08_2018_11_01_02.png'> <img src='C:\Users\user\git\SampleFramework2\src\test\java\Test_sucess\loginapp_21_08_2018_11_01_02.png' height='100' width='100'/> </a>]]>
            </line>
          </reporter-output>
        </test-method> <!-- loginapp -->
        <test-method status="PASS" signature="loginapp(java.lang.String, java.lang.String)[pri:0, instance:FrameworkApp.Sample.LoginScript@2d6eabae]" name="loginapp" duration-ms="275" started-at="2018-08-21T17:31:03Z" data-provider="login" finished-at="2018-08-21T17:31:03Z">
          <params>
            <param index="0">
              <value>
                <![CDATA[admin]]>
              </value>
            </param>
            <param index="1">
              <value>
                <![CDATA[manager]]>
              </value>
            </param>
          </params>
          <reporter-output>
            <line>
              <![CDATA[ITestResult Test started]]>
            </line>
            <line>
              <![CDATA[<a href='C:\Users\user\git\SampleFramework2\src\test\java\Test_sucess\loginapp_21_08_2018_11_01_03.png'> <img src='C:\Users\user\git\SampleFramework2\src\test\java\Test_sucess\loginapp_21_08_2018_11_01_03.png' height='100' width='100'/> </a>]]>
            </line>
          </reporter-output>
        </test-method> <!-- loginapp -->
      </class> <!-- FrameworkApp.Sample.LoginScript -->
      <class name="FrameworkApp.Sample.LaunchApplication">
        <test-method status="PASS" signature="launchapp()[pri:0, instance:FrameworkApp.Sample.LaunchApplication@23faf8f2]" name="launchapp" is-config="true" duration-ms="32996" started-at="2018-08-21T17:30:27Z" finished-at="2018-08-21T17:31:00Z">
          <reporter-output>
            <line>
              <![CDATA[Browser is Launched]]>
            </line>
          </reporter-output>
        </test-method> <!-- launchapp -->
        <test-method status="PASS" signature="clsbrowser()[pri:0, instance:FrameworkApp.Sample.LaunchApplication@23faf8f2]" name="clsbrowser" is-config="true" duration-ms="2097" started-at="2018-08-21T17:31:04Z" finished-at="2018-08-21T17:31:06Z">
          <reporter-output>
          </reporter-output>
        </test-method> <!-- clsbrowser -->
      </class> <!-- FrameworkApp.Sample.LaunchApplication -->
    </test> <!-- SampAppTest -->
  </suite> <!-- SampleSuite -->
</testng-results>
