<?xml version="1.0" encoding="UTF-8"?>
<testng-results skipped="0" failed="0" ignored="0" total="4" passed="4">
  <reporter-output>
    <line>
      <![CDATA[Browser is Launched]]>
    </line>
    <line>
      <![CDATA[Test is started:SampAppTest]]>
    </line>
    <line>
      <![CDATA[ITestResult Test started]]>
    </line>
    <line>
      <![CDATA[<a href='C:\Users\user\git\SampleFramework2\src\test\java\Test_sucess\loginapp_21_08_2018_11_13_52.png'> <img src='C:\Users\user\git\SampleFramework2\src\test\java\Test_sucess\loginapp_21_08_2018_11_13_52.png' height='100' width='100'/> </a>]]>
    </line>
    <line>
      <![CDATA[ITestResult Test started]]>
    </line>
    <line>
      <![CDATA[<a href='C:\Users\user\git\SampleFramework2\src\test\java\Test_sucess\loginapp_21_08_2018_11_13_53.png'> <img src='C:\Users\user\git\SampleFramework2\src\test\java\Test_sucess\loginapp_21_08_2018_11_13_53.png' height='100' width='100'/> </a>]]>
    </line>
    <line>
      <![CDATA[ITestResult Test started]]>
    </line>
    <line>
      <![CDATA[<a href='C:\Users\user\git\SampleFramework2\src\test\java\Test_sucess\loginapp_21_08_2018_11_13_54.png'> <img src='C:\Users\user\git\SampleFramework2\src\test\java\Test_sucess\loginapp_21_08_2018_11_13_54.png' height='100' width='100'/> </a>]]>
    </line>
    <line>
      <![CDATA[ITestResult Test started]]>
    </line>
    <line>
      <![CDATA[<a href='C:\Users\user\git\SampleFramework2\src\test\java\Test_sucess\loginapp_21_08_2018_11_13_55.png'> <img src='C:\Users\user\git\SampleFramework2\src\test\java\Test_sucess\loginapp_21_08_2018_11_13_55.png' height='100' width='100'/> </a>]]>
    </line>
  </reporter-output>
  <suite name="SampleSuite" duration-ms="4182" started-at="2018-08-21T17:43:51Z" finished-at="2018-08-21T17:43:55Z">
    <groups>
    </groups>
    <test name="SampAppTest" duration-ms="4182" started-at="2018-08-21T17:43:51Z" finished-at="2018-08-21T17:43:55Z">
      <class name="FrameworkApp.Sample.LoginScript">
        <test-method status="PASS" signature="loginapp(java.lang.String, java.lang.String)[pri:0, instance:FrameworkApp.Sample.LoginScript@2d6eabae]" name="loginapp" duration-ms="250" started-at="2018-08-21T17:43:52Z" data-provider="login" finished-at="2018-08-21T17:43:52Z">
          <params>
            <param index="0">
              <value>
                <![CDATA[OPPO]]>
              </value>
            </param>
            <param index="1">
              <value>
                <![CDATA[]]>
              </value>
            </param>
          </params>
          <reporter-output>
            <line>
              <![CDATA[ITestResult Test started]]>
            </line>
            <line>
              <![CDATA[<a href='C:\Users\user\git\SampleFramework2\src\test\java\Test_sucess\loginapp_21_08_2018_11_13_52.png'> <img src='C:\Users\user\git\SampleFramework2\src\test\java\Test_sucess\loginapp_21_08_2018_11_13_52.png' height='100' width='100'/> </a>]]>
            </line>
          </reporter-output>
        </test-method> <!-- loginapp -->
        <test-method status="PASS" signature="loginapp(java.lang.String, java.lang.String)[pri:0, instance:FrameworkApp.Sample.LoginScript@2d6eabae]" name="loginapp" duration-ms="248" started-at="2018-08-21T17:43:53Z" data-provider="login" finished-at="2018-08-21T17:43:53Z">
          <params>
            <param index="0">
              <value>
                <![CDATA[]]>
              </value>
            </param>
            <param index="1">
              <value>
                <![CDATA[55212]]>
              </value>
            </param>
          </params>
          <reporter-output>
            <line>
              <![CDATA[ITestResult Test started]]>
            </line>
            <line>
              <![CDATA[<a href='C:\Users\user\git\SampleFramework2\src\test\java\Test_sucess\loginapp_21_08_2018_11_13_53.png'> <img src='C:\Users\user\git\SampleFramework2\src\test\java\Test_sucess\loginapp_21_08_2018_11_13_53.png' height='100' width='100'/> </a>]]>
            </line>
          </reporter-output>
        </test-method> <!-- loginapp -->
        <test-method status="PASS" signature="loginapp(java.lang.String, java.lang.String)[pri:0, instance:FrameworkApp.Sample.LoginScript@2d6eabae]" name="loginapp" duration-ms="305" started-at="2018-08-21T17:43:54Z" data-provider="login" finished-at="2018-08-21T17:43:54Z">
          <params>
            <param index="0">
              <value>
                <![CDATA[54545]]>
              </value>
            </param>
            <param index="1">
              <value>
                <![CDATA[daads]]>
              </value>
            </param>
          </params>
          <reporter-output>
            <line>
              <![CDATA[ITestResult Test started]]>
            </line>
            <line>
              <![CDATA[<a href='C:\Users\user\git\SampleFramework2\src\test\java\Test_sucess\loginapp_21_08_2018_11_13_54.png'> <img src='C:\Users\user\git\SampleFramework2\src\test\java\Test_sucess\loginapp_21_08_2018_11_13_54.png' height='100' width='100'/> </a>]]>
            </line>
          </reporter-output>
        </test-method> <!-- loginapp -->
        <test-method status="PASS" signature="loginapp(java.lang.String, java.lang.String)[pri:0, instance:FrameworkApp.Sample.LoginScript@2d6eabae]" name="loginapp" duration-ms="300" started-at="2018-08-21T17:43:54Z" data-provider="login" finished-at="2018-08-21T17:43:55Z">
          <params>
            <param index="0">
              <value>
                <![CDATA[admin]]>
              </value>
            </param>
            <param index="1">
              <value>
                <![CDATA[manager]]>
              </value>
            </param>
          </params>
          <reporter-output>
            <line>
              <![CDATA[ITestResult Test started]]>
            </line>
            <line>
              <![CDATA[<a href='C:\Users\user\git\SampleFramework2\src\test\java\Test_sucess\loginapp_21_08_2018_11_13_55.png'> <img src='C:\Users\user\git\SampleFramework2\src\test\java\Test_sucess\loginapp_21_08_2018_11_13_55.png' height='100' width='100'/> </a>]]>
            </line>
          </reporter-output>
        </test-method> <!-- loginapp -->
      </class> <!-- FrameworkApp.Sample.LoginScript -->
      <class name="FrameworkApp.Sample.LaunchApplication">
        <test-method status="PASS" signature="launchapp()[pri:0, instance:FrameworkApp.Sample.LaunchApplication@23faf8f2]" name="launchapp" is-config="true" duration-ms="32862" started-at="2018-08-21T17:43:18Z" finished-at="2018-08-21T17:43:51Z">
          <reporter-output>
            <line>
              <![CDATA[Browser is Launched]]>
            </line>
          </reporter-output>
        </test-method> <!-- launchapp -->
        <test-method status="PASS" signature="clsbrowser()[pri:0, instance:FrameworkApp.Sample.LaunchApplication@23faf8f2]" name="clsbrowser" is-config="true" duration-ms="2181" started-at="2018-08-21T17:43:56Z" finished-at="2018-08-21T17:43:58Z">
          <reporter-output>
          </reporter-output>
        </test-method> <!-- clsbrowser -->
      </class> <!-- FrameworkApp.Sample.LaunchApplication -->
    </test> <!-- SampAppTest -->
  </suite> <!-- SampleSuite -->
</testng-results>
