<?xml version="1.0" encoding="UTF-8"?>
<testng-results skipped="0" failed="0" ignored="0" total="4" passed="4">
  <reporter-output>
    <line>
      <![CDATA[Browser is Launched]]>
    </line>
    <line>
      <![CDATA[Test is started:SampAppTest]]>
    </line>
    <line>
      <![CDATA[ITestResult Test started]]>
    </line>
    <line>
      <![CDATA[<a href='C:\Users\user\git\SampleFramework10\src\test\java\Test_sucess\loginapp_15_09_2018_08_57_02.png'> <img src='C:\Users\user\git\SampleFramework10\src\test\java\Test_sucess\loginapp_15_09_2018_08_57_02.png' height='100' width='100'/> </a>]]>
    </line>
    <line>
      <![CDATA[ITestResult Test started]]>
    </line>
    <line>
      <![CDATA[<a href='C:\Users\user\git\SampleFramework10\src\test\java\Test_sucess\loginapp_15_09_2018_08_57_03.png'> <img src='C:\Users\user\git\SampleFramework10\src\test\java\Test_sucess\loginapp_15_09_2018_08_57_03.png' height='100' width='100'/> </a>]]>
    </line>
    <line>
      <![CDATA[ITestResult Test started]]>
    </line>
    <line>
      <![CDATA[<a href='C:\Users\user\git\SampleFramework10\src\test\java\Test_sucess\loginapp_15_09_2018_08_57_04.png'> <img src='C:\Users\user\git\SampleFramework10\src\test\java\Test_sucess\loginapp_15_09_2018_08_57_04.png' height='100' width='100'/> </a>]]>
    </line>
    <line>
      <![CDATA[ITestResult Test started]]>
    </line>
    <line>
      <![CDATA[<a href='C:\Users\user\git\SampleFramework10\src\test\java\Test_sucess\loginapp_15_09_2018_08_57_06.png'> <img src='C:\Users\user\git\SampleFramework10\src\test\java\Test_sucess\loginapp_15_09_2018_08_57_06.png' height='100' width='100'/> </a>]]>
    </line>
  </reporter-output>
  <suite name="SampleSuite" duration-ms="6616" started-at="2018-09-15T03:27:00Z" finished-at="2018-09-15T03:27:07Z">
    <groups>
    </groups>
    <test name="SampAppTest" duration-ms="6616" started-at="2018-09-15T03:27:00Z" finished-at="2018-09-15T03:27:07Z">
      <class name="FrameworkApp.Sample.LoginScript">
        <test-method status="PASS" signature="loginapp(java.lang.String, java.lang.String, java.lang.String, java.lang.String, java.lang.String)[pri:0, instance:FrameworkApp.Sample.LoginScript@707194ba]" name="loginapp" duration-ms="1106" started-at="2018-09-15T03:27:01Z" data-provider="login" finished-at="2018-09-15T03:27:02Z">
          <params>
            <param index="0">
              <value>
                <![CDATA[N]]>
              </value>
            </param>
            <param index="1">
              <value>
                <![CDATA[OPPO]]>
              </value>
            </param>
            <param index="2">
              <value>
                <![CDATA[]]>
              </value>
            </param>
            <param index="3">
              <value>
                <![CDATA[Verify with Username Only.]]>
              </value>
            </param>
            <param index="4">
              <value>
                <![CDATA[Username or Password is invalid. Please try again.]]>
              </value>
            </param>
          </params>
          <reporter-output>
            <line>
              <![CDATA[ITestResult Test started]]>
            </line>
            <line>
              <![CDATA[<a href='C:\Users\user\git\SampleFramework10\src\test\java\Test_sucess\loginapp_15_09_2018_08_57_02.png'> <img src='C:\Users\user\git\SampleFramework10\src\test\java\Test_sucess\loginapp_15_09_2018_08_57_02.png' height='100' width='100'/> </a>]]>
            </line>
          </reporter-output>
        </test-method> <!-- loginapp -->
        <test-method status="PASS" signature="loginapp(java.lang.String, java.lang.String, java.lang.String, java.lang.String, java.lang.String)[pri:0, instance:FrameworkApp.Sample.LoginScript@707194ba]" name="loginapp" duration-ms="679" started-at="2018-09-15T03:27:02Z" data-provider="login" finished-at="2018-09-15T03:27:03Z">
          <params>
            <param index="0">
              <value>
                <![CDATA[N]]>
              </value>
            </param>
            <param index="1">
              <value>
                <![CDATA[]]>
              </value>
            </param>
            <param index="2">
              <value>
                <![CDATA[55212]]>
              </value>
            </param>
            <param index="3">
              <value>
                <![CDATA[Verify with Password Only]]>
              </value>
            </param>
            <param index="4">
              <value>
                <![CDATA[Username or Password is invalid. Please try again.]]>
              </value>
            </param>
          </params>
          <reporter-output>
            <line>
              <![CDATA[ITestResult Test started]]>
            </line>
            <line>
              <![CDATA[<a href='C:\Users\user\git\SampleFramework10\src\test\java\Test_sucess\loginapp_15_09_2018_08_57_03.png'> <img src='C:\Users\user\git\SampleFramework10\src\test\java\Test_sucess\loginapp_15_09_2018_08_57_03.png' height='100' width='100'/> </a>]]>
            </line>
          </reporter-output>
        </test-method> <!-- loginapp -->
        <test-method status="PASS" signature="loginapp(java.lang.String, java.lang.String, java.lang.String, java.lang.String, java.lang.String)[pri:0, instance:FrameworkApp.Sample.LoginScript@707194ba]" name="loginapp" duration-ms="752" started-at="2018-09-15T03:27:04Z" data-provider="login" finished-at="2018-09-15T03:27:04Z">
          <params>
            <param index="0">
              <value>
                <![CDATA[N]]>
              </value>
            </param>
            <param index="1">
              <value>
                <![CDATA[54545]]>
              </value>
            </param>
            <param index="2">
              <value>
                <![CDATA[daads]]>
              </value>
            </param>
            <param index="3">
              <value>
                <![CDATA[Verify with Invalid Username and Password]]>
              </value>
            </param>
            <param index="4">
              <value>
                <![CDATA[Username or Password is invalid. Please try again.]]>
              </value>
            </param>
          </params>
          <reporter-output>
            <line>
              <![CDATA[ITestResult Test started]]>
            </line>
            <line>
              <![CDATA[<a href='C:\Users\user\git\SampleFramework10\src\test\java\Test_sucess\loginapp_15_09_2018_08_57_04.png'> <img src='C:\Users\user\git\SampleFramework10\src\test\java\Test_sucess\loginapp_15_09_2018_08_57_04.png' height='100' width='100'/> </a>]]>
            </line>
          </reporter-output>
        </test-method> <!-- loginapp -->
        <test-method status="PASS" signature="loginapp(java.lang.String, java.lang.String, java.lang.String, java.lang.String, java.lang.String)[pri:0, instance:FrameworkApp.Sample.LoginScript@707194ba]" name="loginapp" duration-ms="1528" started-at="2018-09-15T03:27:05Z" data-provider="login" finished-at="2018-09-15T03:27:06Z">
          <params>
            <param index="0">
              <value>
                <![CDATA[Y]]>
              </value>
            </param>
            <param index="1">
              <value>
                <![CDATA[admin]]>
              </value>
            </param>
            <param index="2">
              <value>
                <![CDATA[manager]]>
              </value>
            </param>
            <param index="3">
              <value>
                <![CDATA[Verify with Valid Username and Password]]>
              </value>
            </param>
            <param index="4">
              <value>
                <![CDATA[Logout1]]>
              </value>
            </param>
          </params>
          <reporter-output>
            <line>
              <![CDATA[ITestResult Test started]]>
            </line>
            <line>
              <![CDATA[<a href='C:\Users\user\git\SampleFramework10\src\test\java\Test_sucess\loginapp_15_09_2018_08_57_06.png'> <img src='C:\Users\user\git\SampleFramework10\src\test\java\Test_sucess\loginapp_15_09_2018_08_57_06.png' height='100' width='100'/> </a>]]>
            </line>
          </reporter-output>
        </test-method> <!-- loginapp -->
      </class> <!-- FrameworkApp.Sample.LoginScript -->
      <class name="FrameworkApp.Sample.LaunchApplication">
        <test-method status="PASS" signature="launchapp()[pri:0, instance:FrameworkApp.Sample.LaunchApplication@75db5df9]" name="launchapp" is-config="true" duration-ms="33497" started-at="2018-09-15T03:26:27Z" finished-at="2018-09-15T03:27:00Z">
          <reporter-output>
            <line>
              <![CDATA[Browser is Launched]]>
            </line>
          </reporter-output>
        </test-method> <!-- launchapp -->
        <test-method status="PASS" signature="clsbrowser()[pri:0, instance:FrameworkApp.Sample.LaunchApplication@75db5df9]" name="clsbrowser" is-config="true" duration-ms="299" started-at="2018-09-15T03:27:07Z" finished-at="2018-09-15T03:27:07Z">
          <reporter-output>
          </reporter-output>
        </test-method> <!-- clsbrowser -->
      </class> <!-- FrameworkApp.Sample.LaunchApplication -->
    </test> <!-- SampAppTest -->
  </suite> <!-- SampleSuite -->
</testng-results>
