<?xml version="1.0" encoding="UTF-8"?>
<testng-results skipped="0" failed="0" ignored="0" total="4" passed="4">
  <reporter-output>
    <line>
      <![CDATA[Browser is Launched]]>
    </line>
    <line>
      <![CDATA[Test is started:SampAppTest]]>
    </line>
    <line>
      <![CDATA[ITestResult Test started]]>
    </line>
    <line>
      <![CDATA[<a href='C:\Users\user\git\SampleFramework10\src\test\java\Test_sucess\loginapp_15_09_2018_11_51_21.png'> <img src='C:\Users\user\git\SampleFramework10\src\test\java\Test_sucess\loginapp_15_09_2018_11_51_21.png' height='100' width='100'/> </a>]]>
    </line>
    <line>
      <![CDATA[ITestResult Test started]]>
    </line>
    <line>
      <![CDATA[<a href='C:\Users\user\git\SampleFramework10\src\test\java\Test_sucess\loginapp_15_09_2018_11_51_22.png'> <img src='C:\Users\user\git\SampleFramework10\src\test\java\Test_sucess\loginapp_15_09_2018_11_51_22.png' height='100' width='100'/> </a>]]>
    </line>
    <line>
      <![CDATA[ITestResult Test started]]>
    </line>
    <line>
      <![CDATA[<a href='C:\Users\user\git\SampleFramework10\src\test\java\Test_sucess\loginapp_15_09_2018_11_51_23.png'> <img src='C:\Users\user\git\SampleFramework10\src\test\java\Test_sucess\loginapp_15_09_2018_11_51_23.png' height='100' width='100'/> </a>]]>
    </line>
    <line>
      <![CDATA[ITestResult Test started]]>
    </line>
    <line>
      <![CDATA[<a href='C:\Users\user\git\SampleFramework10\src\test\java\Test_sucess\loginapp_15_09_2018_11_51_24.png'> <img src='C:\Users\user\git\SampleFramework10\src\test\java\Test_sucess\loginapp_15_09_2018_11_51_24.png' height='100' width='100'/> </a>]]>
    </line>
  </reporter-output>
  <suite name="SampleSuite" duration-ms="4957" started-at="2018-09-15T06:21:20Z" finished-at="2018-09-15T06:21:25Z">
    <groups>
    </groups>
    <test name="SampAppTest" duration-ms="4957" started-at="2018-09-15T06:21:20Z" finished-at="2018-09-15T06:21:25Z">
      <class name="FrameworkApp.Sample.LoginScript">
        <test-method status="PASS" signature="loginapp(java.lang.String, java.lang.String, java.lang.String, java.lang.String, java.lang.String)[pri:0, instance:FrameworkApp.Sample.LoginScript@2de8284b]" name="loginapp" duration-ms="855" started-at="2018-09-15T06:21:20Z" data-provider="login" finished-at="2018-09-15T06:21:21Z">
          <params>
            <param index="0">
              <value>
                <![CDATA[N]]>
              </value>
            </param>
            <param index="1">
              <value>
                <![CDATA[OPPO]]>
              </value>
            </param>
            <param index="2">
              <value>
                <![CDATA[]]>
              </value>
            </param>
            <param index="3">
              <value>
                <![CDATA[Verify with Username Only.]]>
              </value>
            </param>
            <param index="4">
              <value>
                <![CDATA[Username or Password is invalid. Please try again.]]>
              </value>
            </param>
          </params>
          <reporter-output>
            <line>
              <![CDATA[ITestResult Test started]]>
            </line>
            <line>
              <![CDATA[<a href='C:\Users\user\git\SampleFramework10\src\test\java\Test_sucess\loginapp_15_09_2018_11_51_21.png'> <img src='C:\Users\user\git\SampleFramework10\src\test\java\Test_sucess\loginapp_15_09_2018_11_51_21.png' height='100' width='100'/> </a>]]>
            </line>
          </reporter-output>
        </test-method> <!-- loginapp -->
        <test-method status="PASS" signature="loginapp(java.lang.String, java.lang.String, java.lang.String, java.lang.String, java.lang.String)[pri:0, instance:FrameworkApp.Sample.LoginScript@2de8284b]" name="loginapp" duration-ms="520" started-at="2018-09-15T06:21:22Z" data-provider="login" finished-at="2018-09-15T06:21:22Z">
          <params>
            <param index="0">
              <value>
                <![CDATA[N]]>
              </value>
            </param>
            <param index="1">
              <value>
                <![CDATA[]]>
              </value>
            </param>
            <param index="2">
              <value>
                <![CDATA[55212]]>
              </value>
            </param>
            <param index="3">
              <value>
                <![CDATA[Verify with Password Only]]>
              </value>
            </param>
            <param index="4">
              <value>
                <![CDATA[Username or Password is invalid. Please try again.]]>
              </value>
            </param>
          </params>
          <reporter-output>
            <line>
              <![CDATA[ITestResult Test started]]>
            </line>
            <line>
              <![CDATA[<a href='C:\Users\user\git\SampleFramework10\src\test\java\Test_sucess\loginapp_15_09_2018_11_51_22.png'> <img src='C:\Users\user\git\SampleFramework10\src\test\java\Test_sucess\loginapp_15_09_2018_11_51_22.png' height='100' width='100'/> </a>]]>
            </line>
          </reporter-output>
        </test-method> <!-- loginapp -->
        <test-method status="PASS" signature="loginapp(java.lang.String, java.lang.String, java.lang.String, java.lang.String, java.lang.String)[pri:0, instance:FrameworkApp.Sample.LoginScript@2de8284b]" name="loginapp" duration-ms="539" started-at="2018-09-15T06:21:22Z" data-provider="login" finished-at="2018-09-15T06:21:23Z">
          <params>
            <param index="0">
              <value>
                <![CDATA[N]]>
              </value>
            </param>
            <param index="1">
              <value>
                <![CDATA[54545]]>
              </value>
            </param>
            <param index="2">
              <value>
                <![CDATA[daads]]>
              </value>
            </param>
            <param index="3">
              <value>
                <![CDATA[Verify with Invalid Username and Password]]>
              </value>
            </param>
            <param index="4">
              <value>
                <![CDATA[Username or Password is invalid. Please try again.]]>
              </value>
            </param>
          </params>
          <reporter-output>
            <line>
              <![CDATA[ITestResult Test started]]>
            </line>
            <line>
              <![CDATA[<a href='C:\Users\user\git\SampleFramework10\src\test\java\Test_sucess\loginapp_15_09_2018_11_51_23.png'> <img src='C:\Users\user\git\SampleFramework10\src\test\java\Test_sucess\loginapp_15_09_2018_11_51_23.png' height='100' width='100'/> </a>]]>
            </line>
          </reporter-output>
        </test-method> <!-- loginapp -->
        <test-method status="PASS" signature="loginapp(java.lang.String, java.lang.String, java.lang.String, java.lang.String, java.lang.String)[pri:0, instance:FrameworkApp.Sample.LoginScript@2de8284b]" name="loginapp" duration-ms="1010" started-at="2018-09-15T06:21:23Z" data-provider="login" finished-at="2018-09-15T06:21:24Z">
          <params>
            <param index="0">
              <value>
                <![CDATA[Y]]>
              </value>
            </param>
            <param index="1">
              <value>
                <![CDATA[admin]]>
              </value>
            </param>
            <param index="2">
              <value>
                <![CDATA[manager]]>
              </value>
            </param>
            <param index="3">
              <value>
                <![CDATA[Verify with Valid Username and Password]]>
              </value>
            </param>
            <param index="4">
              <value>
                <![CDATA[Logout]]>
              </value>
            </param>
          </params>
          <reporter-output>
            <line>
              <![CDATA[ITestResult Test started]]>
            </line>
            <line>
              <![CDATA[<a href='C:\Users\user\git\SampleFramework10\src\test\java\Test_sucess\loginapp_15_09_2018_11_51_24.png'> <img src='C:\Users\user\git\SampleFramework10\src\test\java\Test_sucess\loginapp_15_09_2018_11_51_24.png' height='100' width='100'/> </a>]]>
            </line>
          </reporter-output>
        </test-method> <!-- loginapp -->
      </class> <!-- FrameworkApp.Sample.LoginScript -->
      <class name="FrameworkApp.Sample.LaunchApplication">
        <test-method status="PASS" signature="launchapp()[pri:0, instance:FrameworkApp.Sample.LaunchApplication@78ac1102]" name="launchapp" is-config="true" duration-ms="32559" started-at="2018-09-15T06:20:47Z" finished-at="2018-09-15T06:21:20Z">
          <reporter-output>
            <line>
              <![CDATA[Browser is Launched]]>
            </line>
          </reporter-output>
        </test-method> <!-- launchapp -->
        <test-method status="PASS" signature="clsbrowser()[pri:0, instance:FrameworkApp.Sample.LaunchApplication@78ac1102]" name="clsbrowser" is-config="true" duration-ms="2125" started-at="2018-09-15T06:21:25Z" finished-at="2018-09-15T06:21:27Z">
          <reporter-output>
          </reporter-output>
        </test-method> <!-- clsbrowser -->
      </class> <!-- FrameworkApp.Sample.LaunchApplication -->
    </test> <!-- SampAppTest -->
  </suite> <!-- SampleSuite -->
</testng-results>
